<?xml version="1.0" encoding="UTF-8"?>
<!-- Generated by org.testng.reporters.JUnitXMLReporter -->
<testsuite ignored="2" hostname="DESKTOP-3RHQS1L" failures="0" tests="2" name="Test" time="0.25" errors="0" timestamp="2023-09-01T10:28:05 IST">
  <testcase classname="TestNG_Groups.sample2" name="sample2" time="0.041"/>
  <testcase classname="TestNG_Groups.sample1" name="sample2" time="0.006"/>
  <testcase classname="TestNG_Groups.sample2" name="sample3" time="0.0">
    <ignored/>
  </testcase> <!-- sample3 -->
  <testcase classname="TestNG_Groups.sample1" name="sample1" time="0.0">
    <ignored/>
  </testcase> <!-- sample1 -->
</testsuite> <!-- Test -->
