<?xml version="1.0" encoding="UTF-8"?>
<testng-results ignored="0" total="1" passed="1" failed="0" skipped="0">
  <reporter-output>
  </reporter-output>
  <suite started-at="2023-09-02T11:29:45 IST" name="Default suite" finished-at="2023-09-02T11:32:44 IST" duration-ms="178837">
    <groups>
    </groups>
    <test started-at="2023-09-02T11:29:45 IST" name="Default test" finished-at="2023-09-02T11:32:44 IST" duration-ms="178837">
      <class name="TestNG.TestNG_Assertion">
        <test-method signature="assertions()[pri:0, instance:TestNG.TestNG_Assertion@32502377]" started-at="2023-09-02T11:29:45 IST" name="assertions" finished-at="2023-09-02T11:32:43 IST" duration-ms="178777" status="PASS">
          <reporter-output>
          </reporter-output>
        </test-method> <!-- assertions -->
      </class> <!-- TestNG.TestNG_Assertion -->
    </test> <!-- Default test -->
  </suite> <!-- Default suite -->
</testng-results>
